<?xml version="1.0" encoding="UTF-8"?>
<!-- Generated by org.testng.reporters.JUnitReportReporter -->
<testsuite hostname="DESKTOP-NILPBOH" failures="0" tests="2" name="org.api.PostAPI" time="4.175" errors="0" timestamp="2024-08-05T10:46:01 IST" skipped="0">
  <testcase classname="org.api.PostAPI" name="logIn" time="2.421"/>
  <system-out/>
  <testcase classname="org.api.PostAPI" name="lmsAddContactDetails" time="1.754"/>
  <system-out/>
</testsuite> <!-- org.api.PostAPI -->
